+ [[ pc683.eeb.cornell.edu != \p\c\6\8\3\.\e\e\b\.\c\o\r\n\e\l\l\.\e\d\u ]]
+ [[ pc683.eeb.cornell.edu == \p\c\6\8\3\.\e\e\b\.\c\o\r\n\e\l\l\.\e\d\u ]]
+ printf 'Execution on local...\n'
Execution on local...
+ trpth=/Users/paul/Documents/AAD_combined
+ thrds=1
+ wdir=Zenodo/Classifier
+ mkdir -p /Users/paul/Documents/AAD_combined/Zenodo/Classifier
+ p27F=AGAGTTTGATCMTGGCTCAG
+ p519R=GWATTACCGCGGCKGCTG
+ taxdbseq=/Users/paul/Sequences/References/gg_13_8_otus/rep_set/99_otus.fasta
+ taxdbmed=/Users/paul/Sequences/References/gg_13_8_otus/taxonomy/99_otu_taxonomy.txt
+ seqf=085_16S_otus.qza
+ taxf=085_16S_ref-taxonomy.qza
+ refseq=085_16S_ref-seqs.qza
+ clssf=085_16S_classifier.qza
+ printf 'Importing 16S reference sequences into Qiime...\n'
Importing 16S reference sequences into Qiime...
+ qiime tools import --type 'FeatureData[Sequence]' --input-path /Users/paul/Sequences/References/gg_13_8_otus/rep_set/99_otus.fasta --output-path /Users/paul/Documents/AAD_combined/Zenodo/Classifier/085_16S_otus.qza
Imported /Users/paul/Sequences/References/gg_13_8_otus/rep_set/99_otus.fasta as DNASequencesDirectoryFormat to /Users/paul/Documents/AAD_combined/Zenodo/Classifier/085_16S_otus.qza
+ printf 'Importing 16S reference taxonomy into Qiime...\n'
Importing 16S reference taxonomy into Qiime...
+ qiime tools import --type 'FeatureData[Taxonomy]' --source-format HeaderlessTSVTaxonomyFormat --input-path /Users/paul/Sequences/References/gg_13_8_otus/taxonomy/99_otu_taxonomy.txt --output-path /Users/paul/Documents/AAD_combined/Zenodo/Classifier/085_16S_ref-taxonomy.qza
Usage: qiime tools import [OPTIONS]
Try "qiime tools import --help" for help.

Error: no such option: --source-format
+ printf 'Extracting 16S reference reads from database, using primers...\n'
Extracting 16S reference reads from database, using primers...
+ qiime feature-classifier extract-reads --i-sequences /Users/paul/Documents/AAD_combined/Zenodo/Classifier/085_16S_otus.qza --p-f-primer AGAGTTTGATCMTGGCTCAG --p-r-primer GWATTACCGCGGCKGCTG --p-trunc-len 800 --o-reads /Users/paul/Documents/AAD_combined/Zenodo/Classifier/085_16S_ref-seqs.qza
